<?xml version="1.0" encoding="UTF-8"?>
<testng-results ignored="0" total="1" passed="1" failed="0" skipped="0">
  <reporter-output>
  </reporter-output>
  <suite started-at="2021-07-22T17:58:43 IST" name="Default suite" finished-at="2021-07-22T17:58:47 IST" duration-ms="3929">
    <groups>
    </groups>
    <test started-at="2021-07-22T17:58:43 IST" name="Default test" finished-at="2021-07-22T17:58:47 IST" duration-ms="3929">
      <class name="test_cases.Site_Visit_Test">
        <test-method is-config="true" signature="setUp()[pri:0, instance:test_cases.Site_Visit_Test@1f97cf0d]" started-at="2021-07-22T17:58:43 IST" name="setUp" finished-at="2021-07-22T17:58:47 IST" duration-ms="3724" status="PASS">
          <reporter-output>
          </reporter-output>
        </test-method> <!-- setUp -->
        <test-method signature="site_Visit_Test()[pri:0, instance:test_cases.Site_Visit_Test@1f97cf0d]" started-at="2021-07-22T17:58:47 IST" name="site_Visit_Test" finished-at="2021-07-22T17:58:47 IST" duration-ms="174" status="PASS">
          <reporter-output>
          </reporter-output>
        </test-method> <!-- site_Visit_Test -->
        <test-method is-config="true" signature="tearDown()[pri:0, instance:test_cases.Site_Visit_Test@1f97cf0d]" started-at="2021-07-22T17:58:47 IST" name="tearDown" finished-at="2021-07-22T17:58:47 IST" duration-ms="1" status="PASS">
          <reporter-output>
          </reporter-output>
        </test-method> <!-- tearDown -->
      </class> <!-- test_cases.Site_Visit_Test -->
    </test> <!-- Default test -->
  </suite> <!-- Default suite -->
</testng-results>
